C:\USERS\MATTEO\DESKTOP\CHIAVETTA PROGETTO\VIDEOPLAYER_GRATTA\RELEASE\VIDEOTHREAD.OBJ
C:\USERS\MATTEO\DESKTOP\CHIAVETTA PROGETTO\VIDEOPLAYER_GRATTA\RELEASE\VIDEOSTATE.OBJ
C:\USERS\MATTEO\DESKTOP\CHIAVETTA PROGETTO\VIDEOPLAYER_GRATTA\RELEASE\VIDEOPLAYER.OBJ
C:\USERS\MATTEO\DESKTOP\CHIAVETTA PROGETTO\VIDEOPLAYER_GRATTA\RELEASE\VIDEOPICTURE.OBJ
C:\USERS\MATTEO\DESKTOP\CHIAVETTA PROGETTO\VIDEOPLAYER_GRATTA\RELEASE\VIDEO.OBJ
C:\USERS\MATTEO\DESKTOP\CHIAVETTA PROGETTO\VIDEOPLAYER_GRATTA\RELEASE\STATUS.OBJ
C:\USERS\MATTEO\DESKTOP\CHIAVETTA PROGETTO\VIDEOPLAYER_GRATTA\RELEASE\PACKETQUEUEAUDIO.OBJ
C:\USERS\MATTEO\DESKTOP\CHIAVETTA PROGETTO\VIDEOPLAYER_GRATTA\RELEASE\PACKETQUEUEVIDEO.OBJ
C:\USERS\MATTEO\DESKTOP\CHIAVETTA PROGETTO\VIDEOPLAYER_GRATTA\RELEASE\MAIN.OBJ
C:\USERS\MATTEO\DESKTOP\CHIAVETTA PROGETTO\VIDEOPLAYER_GRATTA\RELEASE\MOC_VIDEOTHREAD.OBJ
C:\USERS\MATTEO\DESKTOP\CHIAVETTA PROGETTO\VIDEOPLAYER_GRATTA\RELEASE\MOC_VIDEOPLAYER.OBJ
C:\USERS\MATTEO\DESKTOP\CHIAVETTA PROGETTO\VIDEOPLAYER_GRATTA\RELEASE\MOC_VIDEO.OBJ
C:\USERS\MATTEO\DESKTOP\CHIAVETTA PROGETTO\VIDEOPLAYER_GRATTA\RELEASE\MOC_DECODETHREAD.OBJ
C:\USERS\MATTEO\DESKTOP\CHIAVETTA PROGETTO\VIDEOPLAYER_GRATTA\RELEASE\MOC_AVCLOCK.OBJ
C:\USERS\MATTEO\DESKTOP\CHIAVETTA PROGETTO\VIDEOPLAYER_GRATTA\RELEASE\DECODETHREAD.OBJ
C:\USERS\MATTEO\DESKTOP\CHIAVETTA PROGETTO\VIDEOPLAYER_GRATTA\RELEASE\AVCLOCK.OBJ
C:\USERS\MATTEO\DESKTOP\CHIAVETTA PROGETTO\VIDEOPLAYER_GRATTA\RELEASE\AUDIOMANGER.OBJ
C:\USERS\MATTEO\DESKTOP\CHIAVETTA PROGETTO\VIDEOPLAYER_GRATTA\RELEASE\QRC_VIDEOPLAYER.OBJ
C:\USERS\MATTEO\DESKTOP\CHIAVETTA PROGETTO\VIDEOPLAYER_GRATTA\GENERATEDFILES\RELEASE\MOC_VIDEOPLAYER.CPP
C:\USERS\MATTEO\DESKTOP\CHIAVETTA PROGETTO\VIDEOPLAYER_GRATTA\GENERATEDFILES\RELEASE\MOC_AVCLOCK.CPP
C:\USERS\MATTEO\DESKTOP\CHIAVETTA PROGETTO\VIDEOPLAYER_GRATTA\GENERATEDFILES\RELEASE\MOC_DECODETHREAD.CPP
C:\USERS\MATTEO\DESKTOP\CHIAVETTA PROGETTO\VIDEOPLAYER_GRATTA\GENERATEDFILES\RELEASE\MOC_VIDEO.CPP
C:\USERS\MATTEO\DESKTOP\CHIAVETTA PROGETTO\VIDEOPLAYER_GRATTA\GENERATEDFILES\RELEASE\MOC_VIDEOTHREAD.CPP
C:\USERS\MATTEO\DESKTOP\CHIAVETTA PROGETTO\VIDEOPLAYER_GRATTA\GENERATEDFILES\QRC_VIDEOPLAYER.CPP
C:\USERS\MATTEO\DESKTOP\CHIAVETTA PROGETTO\VIDEOPLAYER_GRATTA\WIN32\RELEASE\VIDEOPLAYER.EXE
C:\Users\Matteo\Documents\ videoplayer\Release\AudioManger.obj
C:\Users\Matteo\Documents\ videoplayer\Release\AVClock.obj
C:\Users\Matteo\Documents\ videoplayer\Release\DecodeThread.obj
C:\Users\Matteo\Documents\ videoplayer\Release\main.obj
C:\Users\Matteo\Documents\ videoplayer\Release\moc_AVClock.obj
C:\Users\Matteo\Documents\ videoplayer\Release\moc_DecodeThread.obj
C:\Users\Matteo\Documents\ videoplayer\Release\moc_Video.obj
C:\Users\Matteo\Documents\ videoplayer\Release\moc_videoplayer.obj
C:\Users\Matteo\Documents\ videoplayer\Release\moc_VideoThread.obj
C:\Users\Matteo\Documents\ videoplayer\Release\PacketQueueAudio.obj
C:\Users\Matteo\Documents\ videoplayer\Release\PacketQueueVideo.obj
C:\Users\Matteo\Documents\ videoplayer\Release\qrc_videoplayer.obj
C:\Users\Matteo\Documents\ videoplayer\Release\Status.obj
C:\Users\Matteo\Documents\ videoplayer\Release\Video.obj
C:\Users\Matteo\Documents\ videoplayer\Release\VideoPicture.obj
C:\Users\Matteo\Documents\ videoplayer\Release\videoplayer.obj
C:\Users\Matteo\Documents\ videoplayer\Release\VideoState.obj
C:\Users\Matteo\Documents\ videoplayer\Release\VideoThread.obj
C:\Users\Matteo\Documents\ videoplayer\Release\cl.command.1.tlog
C:\Users\Matteo\Documents\ videoplayer\Release\CL.read.1.tlog
C:\Users\Matteo\Documents\ videoplayer\Release\CL.write.1.tlog
C:\Users\Matteo\Documents\ videoplayer\Release\custombuild.command.1.tlog
C:\Users\Matteo\Documents\ videoplayer\Release\custombuild.read.1.tlog
C:\Users\Matteo\Documents\ videoplayer\Release\custombuild.write.1.tlog
C:\Users\Matteo\Documents\ videoplayer\Release\link-cvtres.read.1.tlog
C:\Users\Matteo\Documents\ videoplayer\Release\link-cvtres.write.1.tlog
C:\Users\Matteo\Documents\ videoplayer\Release\link-rc.read.1.tlog
C:\Users\Matteo\Documents\ videoplayer\Release\link-rc.write.1.tlog
C:\Users\Matteo\Documents\ videoplayer\Release\link.command.1.tlog
C:\Users\Matteo\Documents\ videoplayer\Release\link.read.1.tlog
C:\Users\Matteo\Documents\ videoplayer\Release\link.write.1.tlog
C:\Users\Matteo\Documents\ videoplayer\Win32\Release\videoplayer.exe
